2017-02-16 05:20:46 [-][-][-][error][yii\db\Exception] PDOException: SQLSTATE[HY000] [1049] Unknown database 'yii2advanced' in D:\Db_Web\XAMPP\htdocs\ruangkita\vendor\yiisoft\yii2\db\Connection.php:630
Stack trace:
#0 D:\Db_Web\XAMPP\htdocs\ruangkita\vendor\yiisoft\yii2\db\Connection.php(630): PDO->__construct('mysql:host=loca...', 'root', '', NULL)
#1 D:\Db_Web\XAMPP\htdocs\ruangkita\vendor\yiisoft\yii2\db\Connection.php(563): yii\db\Connection->createPdoInstance()
#2 D:\Db_Web\XAMPP\htdocs\ruangkita\vendor\yiisoft\yii2\db\Connection.php(896): yii\db\Connection->open()
#3 D:\Db_Web\XAMPP\htdocs\ruangkita\vendor\yiisoft\yii2\db\Connection.php(883): yii\db\Connection->getMasterPdo()
#4 D:\Db_Web\XAMPP\htdocs\ruangkita\vendor\yiisoft\yii2\db\Command.php(219): yii\db\Connection->getSlavePdo()
#5 D:\Db_Web\XAMPP\htdocs\ruangkita\vendor\yiisoft\yii2\db\Command.php(896): yii\db\Command->prepare(true)
#6 D:\Db_Web\XAMPP\htdocs\ruangkita\vendor\yiisoft\yii2\db\Command.php(362): yii\db\Command->queryInternal('fetchAll', NULL)
#7 D:\Db_Web\XAMPP\htdocs\ruangkita\vendor\yiisoft\yii2\db\mysql\Schema.php(199): yii\db\Command->queryAll()
#8 D:\Db_Web\XAMPP\htdocs\ruangkita\vendor\yiisoft\yii2\db\mysql\Schema.php(98): yii\db\mysql\Schema->findColumns(Object(yii\db\TableSchema))
#9 D:\Db_Web\XAMPP\htdocs\ruangkita\vendor\yiisoft\yii2\db\Schema.php(152): yii\db\mysql\Schema->loadTableSchema('migration')
#10 D:\Db_Web\XAMPP\htdocs\ruangkita\vendor\yiisoft\yii2\console\controllers\MigrateController.php(199): yii\db\Schema->getTableSchema('{{%migration}}', true)
#11 D:\Db_Web\XAMPP\htdocs\ruangkita\vendor\yiisoft\yii2\console\controllers\BaseMigrateController.php(774): yii\console\controllers\MigrateController->getMigrationHistory(NULL)
#12 D:\Db_Web\XAMPP\htdocs\ruangkita\vendor\yiisoft\yii2\console\controllers\BaseMigrateController.php(138): yii\console\controllers\BaseMigrateController->getNewMigrations()
#13 [internal function]: yii\console\controllers\BaseMigrateController->actionUp(0)
#14 D:\Db_Web\XAMPP\htdocs\ruangkita\vendor\yiisoft\yii2\base\InlineAction.php(57): call_user_func_array(Array, Array)
#15 D:\Db_Web\XAMPP\htdocs\ruangkita\vendor\yiisoft\yii2\base\Controller.php(156): yii\base\InlineAction->runWithParams(Array)
#16 D:\Db_Web\XAMPP\htdocs\ruangkita\vendor\yiisoft\yii2\console\Controller.php(128): yii\base\Controller->runAction('', Array)
#17 D:\Db_Web\XAMPP\htdocs\ruangkita\vendor\yiisoft\yii2\base\Module.php(523): yii\console\Controller->runAction('', Array)
#18 D:\Db_Web\XAMPP\htdocs\ruangkita\vendor\yiisoft\yii2\console\Application.php(180): yii\base\Module->runAction('migrate', Array)
#19 D:\Db_Web\XAMPP\htdocs\ruangkita\vendor\yiisoft\yii2\console\Application.php(147): yii\console\Application->runAction('migrate', Array)
#20 D:\Db_Web\XAMPP\htdocs\ruangkita\vendor\yiisoft\yii2\base\Application.php(380): yii\console\Application->handleRequest(Object(yii\console\Request))
#21 D:\Db_Web\XAMPP\htdocs\ruangkita\yii(27): yii\base\Application->run()
#22 {main}

Next yii\db\Exception: SQLSTATE[HY000] [1049] Unknown database 'yii2advanced' in D:\Db_Web\XAMPP\htdocs\ruangkita\vendor\yiisoft\yii2\db\Connection.php:568
Stack trace:
#0 D:\Db_Web\XAMPP\htdocs\ruangkita\vendor\yiisoft\yii2\db\Connection.php(896): yii\db\Connection->open()
#1 D:\Db_Web\XAMPP\htdocs\ruangkita\vendor\yiisoft\yii2\db\Connection.php(883): yii\db\Connection->getMasterPdo()
#2 D:\Db_Web\XAMPP\htdocs\ruangkita\vendor\yiisoft\yii2\db\Command.php(219): yii\db\Connection->getSlavePdo()
#3 D:\Db_Web\XAMPP\htdocs\ruangkita\vendor\yiisoft\yii2\db\Command.php(896): yii\db\Command->prepare(true)
#4 D:\Db_Web\XAMPP\htdocs\ruangkita\vendor\yiisoft\yii2\db\Command.php(362): yii\db\Command->queryInternal('fetchAll', NULL)
#5 D:\Db_Web\XAMPP\htdocs\ruangkita\vendor\yiisoft\yii2\db\mysql\Schema.php(199): yii\db\Command->queryAll()
#6 D:\Db_Web\XAMPP\htdocs\ruangkita\vendor\yiisoft\yii2\db\mysql\Schema.php(98): yii\db\mysql\Schema->findColumns(Object(yii\db\TableSchema))
#7 D:\Db_Web\XAMPP\htdocs\ruangkita\vendor\yiisoft\yii2\db\Schema.php(152): yii\db\mysql\Schema->loadTableSchema('migration')
#8 D:\Db_Web\XAMPP\htdocs\ruangkita\vendor\yiisoft\yii2\console\controllers\MigrateController.php(199): yii\db\Schema->getTableSchema('{{%migration}}', true)
#9 D:\Db_Web\XAMPP\htdocs\ruangkita\vendor\yiisoft\yii2\console\controllers\BaseMigrateController.php(774): yii\console\controllers\MigrateController->getMigrationHistory(NULL)
#10 D:\Db_Web\XAMPP\htdocs\ruangkita\vendor\yiisoft\yii2\console\controllers\BaseMigrateController.php(138): yii\console\controllers\BaseMigrateController->getNewMigrations()
#11 [internal function]: yii\console\controllers\BaseMigrateController->actionUp(0)
#12 D:\Db_Web\XAMPP\htdocs\ruangkita\vendor\yiisoft\yii2\base\InlineAction.php(57): call_user_func_array(Array, Array)
#13 D:\Db_Web\XAMPP\htdocs\ruangkita\vendor\yiisoft\yii2\base\Controller.php(156): yii\base\InlineAction->runWithParams(Array)
#14 D:\Db_Web\XAMPP\htdocs\ruangkita\vendor\yiisoft\yii2\console\Controller.php(128): yii\base\Controller->runAction('', Array)
#15 D:\Db_Web\XAMPP\htdocs\ruangkita\vendor\yiisoft\yii2\base\Module.php(523): yii\console\Controller->runAction('', Array)
#16 D:\Db_Web\XAMPP\htdocs\ruangkita\vendor\yiisoft\yii2\console\Application.php(180): yii\base\Module->runAction('migrate', Array)
#17 D:\Db_Web\XAMPP\htdocs\ruangkita\vendor\yiisoft\yii2\console\Application.php(147): yii\console\Application->runAction('migrate', Array)
#18 D:\Db_Web\XAMPP\htdocs\ruangkita\vendor\yiisoft\yii2\base\Application.php(380): yii\console\Application->handleRequest(Object(yii\console\Request))
#19 D:\Db_Web\XAMPP\htdocs\ruangkita\yii(27): yii\base\Application->run()
#20 {main}
Additional Information:

2017-02-16 05:20:46 [-][-][-][info][application] $_SERVER = [
    'ACLOCAL_PATH' => '/mingw64/share/aclocal:/usr/share/aclocal'
    'ALLUSERSPROFILE' => 'C:\\ProgramData'
    'APPDATA' => 'C:\\Users\\sugen\\AppData\\Roaming'
    'COMMONPROGRAMFILES' => 'C:\\Program Files (x86)\\Common Files'
    'CommonProgramFiles(x86)' => 'C:\\Program Files (x86)\\Common Files'
    'CommonProgramW6432' => 'C:\\Program Files\\Common Files'
    'COMPUTERNAME' => 'SSIMG'
    'COMSPEC' => 'C:\\Windows\\system32\\cmd.exe'
    'CONFIG_SITE' => '/mingw64/etc/config.site'
    'C_EM64T_REDIST11' => 'C:\\Program Files (x86)\\Common Files\\Intel\\Shared Files\\cpp\\'
    'DISPLAY' => 'needs-to-be-defined'
    'EXEPATH' => 'C:\\Program Files\\Git'
    'FPS_BROWSER_APP_PROFILE_STRING' => 'Internet Explorer'
    'FPS_BROWSER_USER_PROFILE_STRING' => 'Default'
    'HOME' => 'C:\\Users\\sugen'
    'HOMEDRIVE' => 'C:'
    'HOMEPATH' => '\\Users\\sugen'
    'HOSTNAME' => 'SSIMG'
    'INFOPATH' => '/usr/local/info:/usr/share/info:/usr/info:/share/info'
    'LANG' => 'en_US.UTF-8'
    'LOCALAPPDATA' => 'C:\\Users\\sugen\\AppData\\Local'
    'LOGONSERVER' => '\\\\SSIMG'
    'MANPATH' => '/mingw64/share/man:/usr/local/man:/usr/share/man:/usr/man:/share/man'
    'MINGW_CHOST' => 'x86_64-w64-mingw32'
    'MINGW_PACKAGE_PREFIX' => 'mingw-w64-x86_64'
    'MINGW_PREFIX' => '/mingw64'
    'MSYSTEM' => 'MINGW64'
    'MSYSTEM_CARCH' => 'x86_64'
    'MSYSTEM_CHOST' => 'x86_64-w64-mingw32'
    'MSYSTEM_PREFIX' => '/mingw64'
    'NUMBER_OF_PROCESSORS' => '4'
    'OLDPWD' => '/d/Db_Web/XAMPP/htdocs'
    'OneDrive' => 'C:\\Users\\sugen\\OneDrive'
    'ORIGINAL_PATH' => '/mingw64/bin:/usr/bin:/c/Users/sugen/bin:/c/adb/adb_win_v1.0.26:/c/adb/adb_win_v1.0.26:/c/Program Files (x86)/Common Files/Intel/Shared Files/cpp/bin/Intel64:/c/Windows/system32:/c/Windows:/c/Windows/System32/Wbem:/c/Windows/System32/WindowsPowerShell/v1.0:/c/Program Files (x86)/NVIDIA Corporation/PhysX/Common:/c/Users/sugen/AppData/Local/Microsoft/WindowsApps:/d/Db_Web/Aktif/php:/cmd:/d/Db_Web/XAMPP/php:/c/ProgramData/ComposerSetup/bin:/c/FPC/3.0.0/bin/i386-Win32:/c/Users/sugen/AppData/Local/Microsoft/WindowsApps:/c/Users/sugen/AppData/Roaming/Composer/vendor/bin'
    'ORIGINAL_TEMP' => '/tmp'
    'ORIGINAL_TMP' => '/tmp'
    'OS' => 'Windows_NT'
    'PATH' => 'C:\\Users\\sugen\\bin;C:\\Program Files\\Git\\mingw64\\bin;C:\\Program Files\\Git\\usr\\local\\bin;C:\\Program Files\\Git\\usr\\bin;C:\\Program Files\\Git\\usr\\bin;C:\\Program Files\\Git\\mingw64\\bin;C:\\Program Files\\Git\\usr\\bin;C:\\Users\\sugen\\bin;C:\\adb\\adb_win_v1.0.26;C:\\adb\\adb_win_v1.0.26;C:\\Program Files (x86)\\Common Files\\Intel\\Shared Files\\cpp\\bin\\Intel64;C:\\Windows\\system32;C:\\Windows;C:\\Windows\\System32\\Wbem;C:\\Windows\\System32\\WindowsPowerShell\\v1.0;C:\\Program Files (x86)\\NVIDIA Corporation\\PhysX\\Common;C:\\Users\\sugen\\AppData\\Local\\Microsoft\\WindowsApps;D:\\Db_Web\\Aktif\\php;C:\\Program Files\\Git\\cmd;D:\\Db_Web\\XAMPP\\php;C:\\ProgramData\\ComposerSetup\\bin;C:\\FPC\\3.0.0\\bin\\i386-Win32;C:\\Users\\sugen\\AppData\\Local\\Microsoft\\WindowsApps;C:\\Users\\sugen\\AppData\\Roaming\\Composer\\vendor\\bin;C:\\Program Files\\Git\\usr\\bin\\vendor_perl;C:\\Program Files\\Git\\usr\\bin\\core_perl'
    'PATHEXT' => '.COM;.EXE;.BAT;.CMD;.VBS;.VBE;.JS;.JSE;.WSF;.WSH;.MSC'
    'PKG_CONFIG_PATH' => '/mingw64/lib/pkgconfig:/mingw64/share/pkgconfig'
    'PLINK_PROTOCOL' => 'ssh'
    'PRINTER' => 'Microsoft Print to PDF'
    'PROCESSOR_ARCHITECTURE' => 'x86'
    'PROCESSOR_ARCHITEW6432' => 'AMD64'
    'PROCESSOR_IDENTIFIER' => 'Intel64 Family 6 Model 69 Stepping 1, GenuineIntel'
    'PROCESSOR_LEVEL' => '6'
    'PROCESSOR_REVISION' => '4501'
    'ProgramData' => 'C:\\ProgramData'
    'PROGRAMFILES' => 'C:\\Program Files (x86)'
    'ProgramFiles(x86)' => 'C:\\Program Files (x86)'
    'ProgramW6432' => 'C:\\Program Files'
    'PS1' => '\\[\\033]0;$TITLEPREFIX:${PWD//[^[:ascii:]]/?}\\007\\]\\n\\[\\033[32m\\]\\u@\\h \\[\\033[35m\\]$MSYSTEM \\[\\033[33m\\]\\w\\[\\033[36m\\]`__git_ps1`\\[\\033[0m\\]\\n$ '
    'PSModulePath' => 'C:\\Program Files\\WindowsPowerShell\\Modules;C:\\Windows\\system32\\WindowsPowerShell\\v1.0\\Modules'
    'PUBLIC' => 'C:\\Users\\Public'
    'PWD' => '/d/Db_Web/XAMPP/htdocs/ruangkita'
    'SESSIONNAME' => 'Console'
    'SHELL' => 'C:\\Program Files\\Git\\usr\\bin\\bash.exe'
    'SHLVL' => '1'
    'SSH_ASKPASS' => '/mingw64/libexec/git-core/git-gui--askpass'
    'SYSTEMDRIVE' => 'C:'
    'SYSTEMROOT' => 'C:\\Windows'
    'TEMP' => 'C:\\Users\\sugen\\AppData\\Local\\Temp'
    'TMP' => 'C:\\Users\\sugen\\AppData\\Local\\Temp'
    'TMPDIR' => 'C:\\Users\\sugen\\AppData\\Local\\Temp'
    'USERDOMAIN' => 'SSIMG'
    'USERDOMAIN_ROAMINGPROFILE' => 'SSIMG'
    'USERNAME' => 'SSIMG'
    'USERPROFILE' => 'C:\\Users\\sugen'
    'WINDIR' => 'C:\\Windows'
    '_' => '/usr/bin/winpty'
    'PHP_SELF' => 'yii'
    'SCRIPT_NAME' => 'yii'
    'SCRIPT_FILENAME' => 'yii'
    'PATH_TRANSLATED' => 'yii'
    'DOCUMENT_ROOT' => ''
    'REQUEST_TIME_FLOAT' => 1487218846.214
    'REQUEST_TIME' => 1487218846
    'argv' => [
        0 => 'yii'
        1 => 'migrate'
    ]
    'argc' => 2
]
